Total video num: 45383
From dir: /data2/CN-CVS/cncvs-stylegan/final
To dir: /data2/CN-CVS/cropped
Total id num: 2406
Processing...
100 / 45383 completed.
200 / 45383 completed.
300 / 45383 completed.
400 / 45383 completed.
500 / 45383 completed.
600 / 45383 completed.
700 / 45383 completed.
800 / 45383 completed.
900 / 45383 completed.
1000 / 45383 completed.
1100 / 45383 completed.
1200 / 45383 completed.
1300 / 45383 completed.
1400 / 45383 completed.
1500 / 45383 completed.
1600 / 45383 completed.
1700 / 45383 completed.
1800 / 45383 completed.
1900 / 45383 completed.
2000 / 45383 completed.
2100 / 45383 completed.
2200 / 45383 completed.
2300 / 45383 completed.
2400 / 45383 completed.
2500 / 45383 completed.
2600 / 45383 completed.
2700 / 45383 completed.
2800 / 45383 completed.
2900 / 45383 completed.
3000 / 45383 completed.
3100 / 45383 completed.
3200 / 45383 completed.
3300 / 45383 completed.
3400 / 45383 completed.
3500 / 45383 completed.
3600 / 45383 completed.
3700 / 45383 completed.
3800 / 45383 completed.
3900 / 45383 completed.
4000 / 45383 completed.
4100 / 45383 completed.
4200 / 45383 completed.
4300 / 45383 completed.
4400 / 45383 completed.
4500 / 45383 completed.
4600 / 45383 completed.
4700 / 45383 completed.
4800 / 45383 completed.
4900 / 45383 completed.
5000 / 45383 completed.
5100 / 45383 completed.
5200 / 45383 completed.
5300 / 45383 completed.
5400 / 45383 completed.
5500 / 45383 completed.
5600 / 45383 completed.
5700 / 45383 completed.
5800 / 45383 completed.
5900 / 45383 completed.
6000 / 45383 completed.
6100 / 45383 completed.
6200 / 45383 completed.
6300 / 45383 completed.
6400 / 45383 completed.
6500 / 45383 completed.
6600 / 45383 completed.
6700 / 45383 completed.
6800 / 45383 completed.
6900 / 45383 completed.
7000 / 45383 completed.
7100 / 45383 completed.
7200 / 45383 completed.
7300 / 45383 completed.
7400 / 45383 completed.
7500 / 45383 completed.
7600 / 45383 completed.
7700 / 45383 completed.
7800 / 45383 completed.
7900 / 45383 completed.
8000 / 45383 completed.
8100 / 45383 completed.
8200 / 45383 completed.
8300 / 45383 completed.
8400 / 45383 completed.
8500 / 45383 completed.
8600 / 45383 completed.
8700 / 45383 completed.
8800 / 45383 completed.
8900 / 45383 completed.
9000 / 45383 completed.
9100 / 45383 completed.
9200 / 45383 completed.
9300 / 45383 completed.
9400 / 45383 completed.
9500 / 45383 completed.
9600 / 45383 completed.
9700 / 45383 completed.
9800 / 45383 completed.
9900 / 45383 completed.
10000 / 45383 completed.
10100 / 45383 completed.
10200 / 45383 completed.
10300 / 45383 completed.
10400 / 45383 completed.
10500 / 45383 completed.
10600 / 45383 completed.
10700 / 45383 completed.
10800 / 45383 completed.
10900 / 45383 completed.
11000 / 45383 completed.
11100 / 45383 completed.
11200 / 45383 completed.
11300 / 45383 completed.
11400 / 45383 completed.
11500 / 45383 completed.
11600 / 45383 completed.
11700 / 45383 completed.
11800 / 45383 completed.
11900 / 45383 completed.
12000 / 45383 completed.
12100 / 45383 completed.
12200 / 45383 completed.
12300 / 45383 completed.
12400 / 45383 completed.
12500 / 45383 completed.
12600 / 45383 completed.
12700 / 45383 completed.
12800 / 45383 completed.
12900 / 45383 completed.
13000 / 45383 completed.
13100 / 45383 completed.
13200 / 45383 completed.
13300 / 45383 completed.
13400 / 45383 completed.
13500 / 45383 completed.
13600 / 45383 completed.
13700 / 45383 completed.
13800 / 45383 completed.
13900 / 45383 completed.
14000 / 45383 completed.
14100 / 45383 completed.
14200 / 45383 completed.
14300 / 45383 completed.
14400 / 45383 completed.
14500 / 45383 completed.
14600 / 45383 completed.
14700 / 45383 completed.
14800 / 45383 completed.
14900 / 45383 completed.
15000 / 45383 completed.
15100 / 45383 completed.
15200 / 45383 completed.
15300 / 45383 completed.
15400 / 45383 completed.
15500 / 45383 completed.
15600 / 45383 completed.
15700 / 45383 completed.
15800 / 45383 completed.
15900 / 45383 completed.
16000 / 45383 completed.
16100 / 45383 completed.
16200 / 45383 completed.
16300 / 45383 completed.
16400 / 45383 completed.
16500 / 45383 completed.
16600 / 45383 completed.
16700 / 45383 completed.
16800 / 45383 completed.
16900 / 45383 completed.
17000 / 45383 completed.
17100 / 45383 completed.
17200 / 45383 completed.
17300 / 45383 completed.
17400 / 45383 completed.
17500 / 45383 completed.
17600 / 45383 completed.
17700 / 45383 completed.
17800 / 45383 completed.
17900 / 45383 completed.
18000 / 45383 completed.
18100 / 45383 completed.
18200 / 45383 completed.
18300 / 45383 completed.
18400 / 45383 completed.
18500 / 45383 completed.
18600 / 45383 completed.
18700 / 45383 completed.
18800 / 45383 completed.
18900 / 45383 completed.
19000 / 45383 completed.
19100 / 45383 completed.
19200 / 45383 completed.
19300 / 45383 completed.
19400 / 45383 completed.
19500 / 45383 completed.
19600 / 45383 completed.
19700 / 45383 completed.
19800 / 45383 completed.
19900 / 45383 completed.
20000 / 45383 completed.
20100 / 45383 completed.
20200 / 45383 completed.
20300 / 45383 completed.
20400 / 45383 completed.
20500 / 45383 completed.
20600 / 45383 completed.
20700 / 45383 completed.
20800 / 45383 completed.
20900 / 45383 completed.
21000 / 45383 completed.
21100 / 45383 completed.
21200 / 45383 completed.
21300 / 45383 completed.
21400 / 45383 completed.
21500 / 45383 completed.
21600 / 45383 completed.
21700 / 45383 completed.
21800 / 45383 completed.
21900 / 45383 completed.
22000 / 45383 completed.
22100 / 45383 completed.
22200 / 45383 completed.
22300 / 45383 completed.
22400 / 45383 completed.
22500 / 45383 completed.
22600 / 45383 completed.
22700 / 45383 completed.
22800 / 45383 completed.
22900 / 45383 completed.
23000 / 45383 completed.
23100 / 45383 completed.
23200 / 45383 completed.
23300 / 45383 completed.
23400 / 45383 completed.
23500 / 45383 completed.
23600 / 45383 completed.
23700 / 45383 completed.
23800 / 45383 completed.
23900 / 45383 completed.
24000 / 45383 completed.
24100 / 45383 completed.
24200 / 45383 completed.
24300 / 45383 completed.
24400 / 45383 completed.
24500 / 45383 completed.
24600 / 45383 completed.
24700 / 45383 completed.
24800 / 45383 completed.
24900 / 45383 completed.
25000 / 45383 completed.
25100 / 45383 completed.
25200 / 45383 completed.
25300 / 45383 completed.
25400 / 45383 completed.
25500 / 45383 completed.
25600 / 45383 completed.
25700 / 45383 completed.
25800 / 45383 completed.
25900 / 45383 completed.
26000 / 45383 completed.
26100 / 45383 completed.
26200 / 45383 completed.
26300 / 45383 completed.
26400 / 45383 completed.
26500 / 45383 completed.
26600 / 45383 completed.
26700 / 45383 completed.
26800 / 45383 completed.
26900 / 45383 completed.
27000 / 45383 completed.
27100 / 45383 completed.
27200 / 45383 completed.
27300 / 45383 completed.
27400 / 45383 completed.
27500 / 45383 completed.
27600 / 45383 completed.
27700 / 45383 completed.
27800 / 45383 completed.
27900 / 45383 completed.
28000 / 45383 completed.
28100 / 45383 completed.
28200 / 45383 completed.
28300 / 45383 completed.
28400 / 45383 completed.
28500 / 45383 completed.
28600 / 45383 completed.
28700 / 45383 completed.
28800 / 45383 completed.
28900 / 45383 completed.
29000 / 45383 completed.
29100 / 45383 completed.
29200 / 45383 completed.
29300 / 45383 completed.
29400 / 45383 completed.
29500 / 45383 completed.
29600 / 45383 completed.
29700 / 45383 completed.
29800 / 45383 completed.
29900 / 45383 completed.
30000 / 45383 completed.
30100 / 45383 completed.
30200 / 45383 completed.
30300 / 45383 completed.
30400 / 45383 completed.
30500 / 45383 completed.
30600 / 45383 completed.
30700 / 45383 completed.
30800 / 45383 completed.
30900 / 45383 completed.
31000 / 45383 completed.
31100 / 45383 completed.
31200 / 45383 completed.
31300 / 45383 completed.
31400 / 45383 completed.
31500 / 45383 completed.
31600 / 45383 completed.
31700 / 45383 completed.
31800 / 45383 completed.
31900 / 45383 completed.
32000 / 45383 completed.
32100 / 45383 completed.
32200 / 45383 completed.
32300 / 45383 completed.
32400 / 45383 completed.
32500 / 45383 completed.
32600 / 45383 completed.
32700 / 45383 completed.
32800 / 45383 completed.
32900 / 45383 completed.
33000 / 45383 completed.
33100 / 45383 completed.
33200 / 45383 completed.
33300 / 45383 completed.
33400 / 45383 completed.
33500 / 45383 completed.
33600 / 45383 completed.
33700 / 45383 completed.
33800 / 45383 completed.
33900 / 45383 completed.
34000 / 45383 completed.
34100 / 45383 completed.
34200 / 45383 completed.
34300 / 45383 completed.
34400 / 45383 completed.
34500 / 45383 completed.
34600 / 45383 completed.
34700 / 45383 completed.
34800 / 45383 completed.
34900 / 45383 completed.
35000 / 45383 completed.
35100 / 45383 completed.
35200 / 45383 completed.
35300 / 45383 completed.
35400 / 45383 completed.
35500 / 45383 completed.
35600 / 45383 completed.
35700 / 45383 completed.
35800 / 45383 completed.
35900 / 45383 completed.
36000 / 45383 completed.
36100 / 45383 completed.
36200 / 45383 completed.
36300 / 45383 completed.
36400 / 45383 completed.
36500 / 45383 completed.
36600 / 45383 completed.
36700 / 45383 completed.
36800 / 45383 completed.
36900 / 45383 completed.
37000 / 45383 completed.
37100 / 45383 completed.
37200 / 45383 completed.
37300 / 45383 completed.
37400 / 45383 completed.
37500 / 45383 completed.
37600 / 45383 completed.
37700 / 45383 completed.
37800 / 45383 completed.
37900 / 45383 completed.
38000 / 45383 completed.
38100 / 45383 completed.
38200 / 45383 completed.
38300 / 45383 completed.
38400 / 45383 completed.
38500 / 45383 completed.
38600 / 45383 completed.
38700 / 45383 completed.
38800 / 45383 completed.
38900 / 45383 completed.
39000 / 45383 completed.
39100 / 45383 completed.
39200 / 45383 completed.
39300 / 45383 completed.
39400 / 45383 completed.
39500 / 45383 completed.
39600 / 45383 completed.
39700 / 45383 completed.
39800 / 45383 completed.
39900 / 45383 completed.
40000 / 45383 completed.
40100 / 45383 completed.
40200 / 45383 completed.
40300 / 45383 completed.
40400 / 45383 completed.
40500 / 45383 completed.
40600 / 45383 completed.
40700 / 45383 completed.
40800 / 45383 completed.
40900 / 45383 completed.
41000 / 45383 completed.
41100 / 45383 completed.
41200 / 45383 completed.
41300 / 45383 completed.
41400 / 45383 completed.
41500 / 45383 completed.
41600 / 45383 completed.
41700 / 45383 completed.
41800 / 45383 completed.
41900 / 45383 completed.
42000 / 45383 completed.
42100 / 45383 completed.
42200 / 45383 completed.
42300 / 45383 completed.
42400 / 45383 completed.
42500 / 45383 completed.
42600 / 45383 completed.
42700 / 45383 completed.
42800 / 45383 completed.
42900 / 45383 completed.
43000 / 45383 completed.
43100 / 45383 completed.
43200 / 45383 completed.
43300 / 45383 completed.
43400 / 45383 completed.
43500 / 45383 completed.
43600 / 45383 completed.
43700 / 45383 completed.
43800 / 45383 completed.
43900 / 45383 completed.
44000 / 45383 completed.
44100 / 45383 completed.
44200 / 45383 completed.
44300 / 45383 completed.
44400 / 45383 completed.
44500 / 45383 completed.
44600 / 45383 completed.
44700 / 45383 completed.
44800 / 45383 completed.
44900 / 45383 completed.
45000 / 45383 completed.
45100 / 45383 completed.
45200 / 45383 completed.
45300 / 45383 completed.
Success.
